TN:
SF:C:\Users\hp\Desktop\AutoMart_Project\AutoMart\src/app.js
FN:27,(anonymous_1)
FNF:1
FNH:1
FNDA:1,(anonymous_1)
DA:1,1
DA:2,1
DA:3,1
DA:4,1
DA:5,1
DA:6,1
DA:9,1
DA:12,1
DA:15,1
DA:16,1
DA:17,1
DA:20,1
DA:21,1
DA:24,1
DA:27,1
DA:28,1
DA:31,1
LF:17
LH:17
BRDA:9,0,0,1
BRDA:9,0,1,0
BRF:2
BRH:1
end_of_record
TN:
SF:C:\Users\hp\Desktop\AutoMart_Project\AutoMart\src\config/winston.js
FN:23,(anonymous_1)
FN:31,(anonymous_2)
FNF:2
FNH:1
FNDA:1,(anonymous_1)
FNDA:0,(anonymous_2)
DA:2,1
DA:3,1
DA:4,1
DA:6,1
DA:7,1
DA:10,1
DA:11,0
DA:14,1
DA:16,1
DA:23,1
DA:31,0
DA:39,1
LF:12
LH:10
BRDA:6,0,0,1
BRDA:6,0,1,0
BRDA:10,1,0,0
BRDA:10,1,1,1
BRDA:18,2,0,1
BRDA:18,2,1,0
BRF:6
BRH:3
end_of_record
TN:
SF:C:\Users\hp\Desktop\AutoMart_Project\AutoMart\src\controller/userController.js
FN:15,signUp
FNF:1
FNH:1
FNDA:1,signUp
DA:1,1
DA:2,1
DA:16,1
DA:17,1
DA:21,1
LF:5
LH:5
BRF:0
BRH:0
end_of_record
TN:
SF:C:\Users\hp\Desktop\AutoMart_Project\AutoMart\src\dummyData/database.js
FNF:0
FNH:0
DA:1,1
DA:81,1
LF:2
LH:2
BRF:0
BRH:0
end_of_record
TN:
SF:C:\Users\hp\Desktop\AutoMart_Project\AutoMart\src\middleware/userValidator.js
FN:19,emailCheck
FN:38,signUpValidator
FN:57,(anonymous_8)
FNF:3
FNH:3
FNDA:3,emailCheck
FNDA:2,signUpValidator
FNDA:6,(anonymous_8)
DA:2,1
DA:3,1
DA:4,1
DA:5,1
DA:20,3
DA:21,3
DA:23,3
DA:24,1
DA:29,2
DA:38,2
DA:41,2
DA:43,2
DA:52,2
DA:53,2
DA:54,1
DA:57,6
DA:61,1
DA:62,1
DA:63,1
DA:64,1
DA:65,1
DA:66,1
DA:67,1
DA:71,1
LF:24
LH:24
BRDA:23,0,0,1
BRDA:23,0,1,2
BRDA:53,1,0,1
BRDA:53,1,1,1
BRF:4
BRH:4
end_of_record
TN:
SF:C:\Users\hp\Desktop\AutoMart_Project\AutoMart\src\model/user.js
FN:9,User
FNF:1
FNH:1
FNDA:1,User
DA:9,1
DA:10,1
DA:11,1
DA:12,1
DA:13,1
DA:14,1
DA:15,1
DA:16,1
DA:17,1
DA:18,1
DA:22,1
LF:11
LH:11
BRF:0
BRH:0
end_of_record
TN:
SF:C:\Users\hp\Desktop\AutoMart_Project\AutoMart\src\routes/user.js
FNF:0
FNH:0
DA:1,1
DA:2,1
DA:3,1
DA:5,1
DA:7,1
DA:9,1
DA:11,1
LF:7
LH:7
BRF:0
BRH:0
end_of_record
TN:
SF:C:\Users\hp\Desktop\AutoMart_Project\AutoMart\src\services/userServices.js
FN:23,signUp
FN:42,getJsonWebToken
FNF:2
FNH:2
FNDA:1,signUp
FNDA:1,getJsonWebToken
DA:1,1
DA:2,1
DA:3,1
DA:4,1
DA:6,1
DA:23,1
DA:24,1
DA:25,1
DA:26,1
DA:27,1
DA:28,1
DA:29,1
DA:30,1
DA:31,1
DA:33,1
DA:34,1
DA:45,1
DA:46,1
DA:47,1
DA:48,1
DA:61,1
LF:21
LH:21
BRF:0
BRH:0
end_of_record
TN:
SF:C:\Users\hp\Desktop\AutoMart_Project\AutoMart\src\tests\mockData/userMockData.js
FNF:0
FNH:0
DA:1,1
DA:13,1
LF:2
LH:2
BRF:0
BRH:0
end_of_record
TN:
SF:C:\Users\hp\Desktop\AutoMart_Project\AutoMart\src\utils/constants.js
FNF:0
FNH:0
DA:1,1
DA:28,1
LF:2
LH:2
BRF:0
BRH:0
end_of_record
TN:
SF:C:\Users\hp\Desktop\AutoMart_Project\AutoMart\src\utils/helpers.js
FN:17,emailExist
FN:19,(anonymous_7)
FN:31,allEmails
FN:33,(anonymous_9)
FN:45,createUserToken
FN:55,hashPassword
FNF:6
FNH:6
FNDA:3,emailExist
FNDA:8,(anonymous_7)
FNDA:3,allEmails
FNDA:8,(anonymous_9)
FNDA:1,createUserToken
FNDA:1,hashPassword
DA:1,1
DA:2,1
DA:3,1
DA:5,1
DA:18,3
DA:19,3
DA:20,8
DA:21,1
DA:24,3
DA:32,3
DA:33,3
DA:34,8
DA:37,3
DA:46,1
DA:47,1
DA:56,1
DA:61,1
LF:17
LH:17
BRDA:20,0,0,1
BRDA:20,0,1,7
BRF:2
BRH:2
end_of_record
